[2025-07-13T02:56:55.046+0000] {local_task_job_runner.py:120} INFO - ::group::Pre task execution logs
[2025-07-13T02:56:55.081+0000] {taskinstance.py:2076} INFO - Dependencies all met for dep_context=non-requeueable deps ti=<TaskInstance: example_python_scripts.file_operation_task scheduled__2025-07-12T00:00:00+00:00 [queued]>
[2025-07-13T02:56:55.091+0000] {taskinstance.py:2076} INFO - Dependencies all met for dep_context=requeueable deps ti=<TaskInstance: example_python_scripts.file_operation_task scheduled__2025-07-12T00:00:00+00:00 [queued]>
[2025-07-13T02:56:55.091+0000] {taskinstance.py:2306} INFO - Starting attempt 1 of 2
[2025-07-13T02:56:55.106+0000] {taskinstance.py:2330} INFO - Executing <Task(PythonOperator): file_operation_task> on 2025-07-12 00:00:00+00:00
[2025-07-13T02:56:55.114+0000] {standard_task_runner.py:90} INFO - Running: ['***', 'tasks', 'run', 'example_python_scripts', 'file_operation_task', 'scheduled__2025-07-12T00:00:00+00:00', '--job-id', '4', '--raw', '--subdir', 'DAGS_FOLDER/example_python_script_dag.py', '--cfg-path', '/tmp/tmpi6z0rie9']
[2025-07-13T02:56:55.115+0000] {logging_mixin.py:188} WARNING - /home/***/.local/lib/python3.12/site-packages/***/task/task_runner/standard_task_runner.py:61 DeprecationWarning: This process (pid=342) is multi-threaded, use of fork() may lead to deadlocks in the child.
[2025-07-13T02:56:55.116+0000] {standard_task_runner.py:91} INFO - Job 4: Subtask file_operation_task
[2025-07-13T02:56:55.116+0000] {standard_task_runner.py:63} INFO - Started process 343 to run task
[2025-07-13T02:56:55.159+0000] {task_command.py:426} INFO - Running <TaskInstance: example_python_scripts.file_operation_task scheduled__2025-07-12T00:00:00+00:00 [running]> on host 7672aefa99d4
[2025-07-13T02:56:55.245+0000] {taskinstance.py:2648} INFO - Exporting env vars: AIRFLOW_CTX_DAG_OWNER='***' AIRFLOW_CTX_DAG_ID='example_python_scripts' AIRFLOW_CTX_TASK_ID='file_operation_task' AIRFLOW_CTX_EXECUTION_DATE='2025-07-12T00:00:00+00:00' AIRFLOW_CTX_TRY_NUMBER='1' AIRFLOW_CTX_DAG_RUN_ID='scheduled__2025-07-12T00:00:00+00:00'
[2025-07-13T02:56:55.246+0000] {taskinstance.py:430} INFO - ::endgroup::
[2025-07-13T02:56:55.261+0000] {example_python_script_dag.py:70} INFO - File created: /opt/***/logs/sample_output_20250713_025655.txt
[2025-07-13T02:56:55.262+0000] {logging_mixin.py:188} INFO - File created: /opt/***/logs/sample_output_20250713_025655.txt
[2025-07-13T02:56:55.262+0000] {python.py:237} INFO - Done. Returned value was: /opt/***/logs/sample_output_20250713_025655.txt
[2025-07-13T02:56:55.262+0000] {taskinstance.py:441} INFO - ::group::Post task execution logs
[2025-07-13T02:56:55.284+0000] {taskinstance.py:1206} INFO - Marking task as SUCCESS. dag_id=example_python_scripts, task_id=file_operation_task, run_id=scheduled__2025-07-12T00:00:00+00:00, execution_date=20250712T000000, start_date=20250713T025655, end_date=20250713T025655
[2025-07-13T02:56:55.330+0000] {local_task_job_runner.py:240} INFO - Task exited with return code 0
[2025-07-13T02:56:55.347+0000] {taskinstance.py:3498} INFO - 0 downstream tasks scheduled from follow-on schedule check
[2025-07-13T02:56:55.350+0000] {local_task_job_runner.py:222} INFO - ::endgroup::
