[2025-07-13T02:56:52.506+0000] {local_task_job_runner.py:120} INFO - ::group::Pre task execution logs
[2025-07-13T02:56:52.548+0000] {taskinstance.py:2076} INFO - Dependencies all met for dep_context=non-requeueable deps ti=<TaskInstance: example_python_scripts.data_processing_task scheduled__2025-07-12T00:00:00+00:00 [queued]>
[2025-07-13T02:56:52.558+0000] {taskinstance.py:2076} INFO - Dependencies all met for dep_context=requeueable deps ti=<TaskInstance: example_python_scripts.data_processing_task scheduled__2025-07-12T00:00:00+00:00 [queued]>
[2025-07-13T02:56:52.559+0000] {taskinstance.py:2306} INFO - Starting attempt 1 of 2
[2025-07-13T02:56:52.576+0000] {taskinstance.py:2330} INFO - Executing <Task(PythonOperator): data_processing_task> on 2025-07-12 00:00:00+00:00
[2025-07-13T02:56:52.585+0000] {logging_mixin.py:188} WARNING - /home/***/.local/lib/python3.12/site-packages/***/task/task_runner/standard_task_runner.py:61 DeprecationWarning: This process (pid=339) is multi-threaded, use of fork() may lead to deadlocks in the child.
[2025-07-13T02:56:52.586+0000] {standard_task_runner.py:63} INFO - Started process 340 to run task
[2025-07-13T02:56:52.585+0000] {standard_task_runner.py:90} INFO - Running: ['***', 'tasks', 'run', 'example_python_scripts', 'data_processing_task', 'scheduled__2025-07-12T00:00:00+00:00', '--job-id', '3', '--raw', '--subdir', 'DAGS_FOLDER/example_python_script_dag.py', '--cfg-path', '/tmp/tmp0qeak9jb']
[2025-07-13T02:56:52.587+0000] {standard_task_runner.py:91} INFO - Job 3: Subtask data_processing_task
[2025-07-13T02:56:52.636+0000] {task_command.py:426} INFO - Running <TaskInstance: example_python_scripts.data_processing_task scheduled__2025-07-12T00:00:00+00:00 [running]> on host 7672aefa99d4
[2025-07-13T02:56:52.737+0000] {taskinstance.py:2648} INFO - Exporting env vars: AIRFLOW_CTX_DAG_OWNER='***' AIRFLOW_CTX_DAG_ID='example_python_scripts' AIRFLOW_CTX_TASK_ID='data_processing_task' AIRFLOW_CTX_EXECUTION_DATE='2025-07-12T00:00:00+00:00' AIRFLOW_CTX_TRY_NUMBER='1' AIRFLOW_CTX_DAG_RUN_ID='scheduled__2025-07-12T00:00:00+00:00'
[2025-07-13T02:56:52.738+0000] {taskinstance.py:430} INFO - ::endgroup::
[2025-07-13T02:56:54.372+0000] {example_python_script_dag.py:52} INFO - Data processing completed. Summary:
              mean       std  count
category                           
A        -0.079200  0.954908     36
B        -0.104688  1.271386     34
C         0.109463  0.952729     30
[2025-07-13T02:56:54.377+0000] {logging_mixin.py:188} INFO - Data processing completed. Summary:
              mean       std  count
category                           
A        -0.079200  0.954908     36
B        -0.104688  1.271386     34
C         0.109463  0.952729     30
[2025-07-13T02:56:54.378+0000] {python.py:237} INFO - Done. Returned value was: Data processing completed
[2025-07-13T02:56:54.379+0000] {taskinstance.py:441} INFO - ::group::Post task execution logs
[2025-07-13T02:56:54.401+0000] {taskinstance.py:1206} INFO - Marking task as SUCCESS. dag_id=example_python_scripts, task_id=data_processing_task, run_id=scheduled__2025-07-12T00:00:00+00:00, execution_date=20250712T000000, start_date=20250713T025652, end_date=20250713T025654
[2025-07-13T02:56:54.447+0000] {local_task_job_runner.py:240} INFO - Task exited with return code 0
[2025-07-13T02:56:54.475+0000] {taskinstance.py:3498} INFO - 1 downstream tasks scheduled from follow-on schedule check
[2025-07-13T02:56:54.477+0000] {local_task_job_runner.py:222} INFO - ::endgroup::
