[2025-07-13T02:56:51.099+0000] {local_task_job_runner.py:120} INFO - ::group::Pre task execution logs
[2025-07-13T02:56:51.136+0000] {taskinstance.py:2076} INFO - Dependencies all met for dep_context=non-requeueable deps ti=<TaskInstance: example_python_scripts.hello_world_task scheduled__2025-07-12T00:00:00+00:00 [queued]>
[2025-07-13T02:56:51.146+0000] {taskinstance.py:2076} INFO - Dependencies all met for dep_context=requeueable deps ti=<TaskInstance: example_python_scripts.hello_world_task scheduled__2025-07-12T00:00:00+00:00 [queued]>
[2025-07-13T02:56:51.147+0000] {taskinstance.py:2306} INFO - Starting attempt 1 of 2
[2025-07-13T02:56:51.163+0000] {taskinstance.py:2330} INFO - Executing <Task(PythonOperator): hello_world_task> on 2025-07-12 00:00:00+00:00
[2025-07-13T02:56:51.170+0000] {standard_task_runner.py:90} INFO - Running: ['***', 'tasks', 'run', 'example_python_scripts', 'hello_world_task', 'scheduled__2025-07-12T00:00:00+00:00', '--job-id', '2', '--raw', '--subdir', 'DAGS_FOLDER/example_python_script_dag.py', '--cfg-path', '/tmp/tmpzz7lmm0e']
[2025-07-13T02:56:51.171+0000] {logging_mixin.py:188} WARNING - /home/***/.local/lib/python3.12/site-packages/***/task/task_runner/standard_task_runner.py:61 DeprecationWarning: This process (pid=337) is multi-threaded, use of fork() may lead to deadlocks in the child.
[2025-07-13T02:56:51.172+0000] {standard_task_runner.py:91} INFO - Job 2: Subtask hello_world_task
[2025-07-13T02:56:51.172+0000] {standard_task_runner.py:63} INFO - Started process 338 to run task
[2025-07-13T02:56:51.212+0000] {task_command.py:426} INFO - Running <TaskInstance: example_python_scripts.hello_world_task scheduled__2025-07-12T00:00:00+00:00 [running]> on host 7672aefa99d4
[2025-07-13T02:56:51.301+0000] {taskinstance.py:2648} INFO - Exporting env vars: AIRFLOW_CTX_DAG_OWNER='***' AIRFLOW_CTX_DAG_ID='example_python_scripts' AIRFLOW_CTX_TASK_ID='hello_world_task' AIRFLOW_CTX_EXECUTION_DATE='2025-07-12T00:00:00+00:00' AIRFLOW_CTX_TRY_NUMBER='1' AIRFLOW_CTX_DAG_RUN_ID='scheduled__2025-07-12T00:00:00+00:00'
[2025-07-13T02:56:51.302+0000] {taskinstance.py:430} INFO - ::endgroup::
[2025-07-13T02:56:51.328+0000] {example_python_script_dag.py:31} INFO - Hello from Python script!
[2025-07-13T02:56:51.328+0000] {logging_mixin.py:188} INFO - Hello World from Python script!
[2025-07-13T02:56:51.329+0000] {python.py:237} INFO - Done. Returned value was: Hello World completed successfully
[2025-07-13T02:56:51.329+0000] {taskinstance.py:441} INFO - ::group::Post task execution logs
[2025-07-13T02:56:51.351+0000] {taskinstance.py:1206} INFO - Marking task as SUCCESS. dag_id=example_python_scripts, task_id=hello_world_task, run_id=scheduled__2025-07-12T00:00:00+00:00, execution_date=20250712T000000, start_date=20250713T025651, end_date=20250713T025651
[2025-07-13T02:56:51.386+0000] {local_task_job_runner.py:240} INFO - Task exited with return code 0
[2025-07-13T02:56:51.414+0000] {taskinstance.py:3498} INFO - 1 downstream tasks scheduled from follow-on schedule check
[2025-07-13T02:56:51.416+0000] {local_task_job_runner.py:222} INFO - ::endgroup::
